2026-01-04 16:30:46 [::1][-][-][error][yii\web\HttpException:404] yii\base\InvalidRouteException: Unable to resolve the request "". in C:\wamp64\www\phonyxx\phonyx-yii2\vendor\yiisoft\yii2\base\Module.php:564
Stack trace:
#0 C:\wamp64\www\phonyxx\phonyx-yii2\vendor\yiisoft\yii2\web\Application.php(103): yii\base\Module->runAction('', Array)
#1 C:\wamp64\www\phonyxx\phonyx-yii2\vendor\yiisoft\yii2\base\Application.php(387): yii\web\Application->handleRequest(Object(yii\web\Request))
#2 C:\wamp64\www\phonyxx\phonyx-yii2\API\web\index.php(19): yii\base\Application->run()
#3 {main}

Next yii\web\NotFoundHttpException: Page not found. in C:\wamp64\www\phonyxx\phonyx-yii2\vendor\yiisoft\yii2\web\Application.php:115
Stack trace:
#0 C:\wamp64\www\phonyxx\phonyx-yii2\vendor\yiisoft\yii2\base\Application.php(387): yii\web\Application->handleRequest(Object(yii\web\Request))
#1 C:\wamp64\www\phonyxx\phonyx-yii2\API\web\index.php(19): yii\base\Application->run()
#2 {main}
2026-01-04 16:30:46 [::1][-][-][info][application] $_GET = [
    'r' => 'v1/site/ping
'
]

$_POST = []

$_FILES = []

$_COOKIE = []

$_SERVER = [
    'HTTP_USER_AGENT' => 'PostmanRuntime/7.49.1'
    'HTTP_ACCEPT' => '*/*'
    'HTTP_CACHE_CONTROL' => 'no-cache'
    'HTTP_POSTMAN_TOKEN' => 'da503284-423c-4856-8114-55c8991126d4'
    'HTTP_HOST' => 'localhost'
    'HTTP_ACCEPT_ENCODING' => 'gzip, deflate, br'
    'HTTP_CONNECTION' => 'keep-alive'
    'PATH' => 'C:\\Program Files\\Common Files\\Oracle\\Java\\javapath;C:\\Program Files (x86)\\Common Files\\Oracle\\Java\\java8path;C:\\Program Files (x86)\\Common Files\\Oracle\\Java\\javapath;C:\\Python312\\Scripts\\;C:\\Python312\\;C:\\Program Files (x86)\\VMware\\VMware Player\\bin\\;C:\\WINDOWS\\system32;C:\\WINDOWS;C:\\WINDOWS\\System32\\Wbem;C:\\WINDOWS\\System32\\WindowsPowerShell\\v1.0\\;C:\\WINDOWS\\System32\\OpenSSH\\;C:\\Program Files\\dotnet\\;C:\\Program Files (x86)\\NVIDIA Corporation\\PhysX\\Common;C:\\composer;C:\\Program Files\\nodejs\\;C:\\ProgramData\\chocolatey\\bin;C:\\Program Files\\Git\\cmd;C:\\Program Files\\Microsoft SQL Server\\150\\Tools\\Binn\\;C:\\wamp64\\bin\\php\\php8.3.0;C:\\Program Files\\NVIDIA Corporation\\NVIDIA app\\NvDLISR;C:\\Program Files\\Microsoft SQL Server\\Client SDK\\ODBC\\170\\Tools\\Binn\\;C:\\Program Files (x86)\\Windows Kits\\10\\Windows Performance Toolkit\\;C:\\Program Files\\Tailscale\\;C:\\Program Files\\cursor\\resources\\app\\bin;C:\\WINDOWS\\system32\\config\\systemprofile\\AppData\\Local\\Microsoft\\WindowsApps'
    'SystemRoot' => 'C:\\WINDOWS'
    'COMSPEC' => 'C:\\WINDOWS\\system32\\cmd.exe'
    'PATHEXT' => '.COM;.EXE;.BAT;.CMD;.VBS;.VBE;.JS;.JSE;.WSF;.WSH;.MSC;.PY;.PYW'
    'WINDIR' => 'C:\\WINDOWS'
    'SERVER_SIGNATURE' => '<address>Apache/2.4.58 (Win64) PHP/8.2.13 mod_fcgid/2.3.10-dev Server at localhost Port 80</address>
'
    'SERVER_SOFTWARE' => 'Apache/2.4.58 (Win64) PHP/8.2.13 mod_fcgid/2.3.10-dev'
    'SERVER_NAME' => 'localhost'
    'SERVER_ADDR' => '::1'
    'SERVER_PORT' => '80'
    'REMOTE_ADDR' => '::1'
    'DOCUMENT_ROOT' => 'C:/wamp64/www'
    'REQUEST_SCHEME' => 'http'
    'CONTEXT_PREFIX' => ''
    'CONTEXT_DOCUMENT_ROOT' => 'C:/wamp64/www'
    'SERVER_ADMIN' => 'wampserver@wampserver.invalid'
    'SCRIPT_FILENAME' => 'C:/wamp64/www/phonyxx/phonyx-yii2/API/web/index.php'
    'REMOTE_PORT' => '31367'
    'GATEWAY_INTERFACE' => 'CGI/1.1'
    'SERVER_PROTOCOL' => 'HTTP/1.1'
    'REQUEST_METHOD' => 'GET'
    'QUERY_STRING' => 'r=v1/site/ping%0A'
    'REQUEST_URI' => '/phonyxx/phonyx-yii2/API/web/index.php?r=v1/site/ping%0A'
    'SCRIPT_NAME' => '/phonyxx/phonyx-yii2/API/web/index.php'
    'PHP_SELF' => '/phonyxx/phonyx-yii2/API/web/index.php'
    'REQUEST_TIME_FLOAT' => 1767544246.5833
    'REQUEST_TIME' => 1767544246
]
2026-01-04 16:31:23 [::1][-][-][error][yii\web\HttpException:404] yii\base\InvalidRouteException: Unable to resolve the request "". in C:\wamp64\www\phonyxx\phonyx-yii2\vendor\yiisoft\yii2\base\Module.php:564
Stack trace:
#0 C:\wamp64\www\phonyxx\phonyx-yii2\vendor\yiisoft\yii2\web\Application.php(103): yii\base\Module->runAction('', Array)
#1 C:\wamp64\www\phonyxx\phonyx-yii2\vendor\yiisoft\yii2\base\Application.php(387): yii\web\Application->handleRequest(Object(yii\web\Request))
#2 C:\wamp64\www\phonyxx\phonyx-yii2\API\web\index.php(19): yii\base\Application->run()
#3 {main}

Next yii\web\NotFoundHttpException: Page not found. in C:\wamp64\www\phonyxx\phonyx-yii2\vendor\yiisoft\yii2\web\Application.php:115
Stack trace:
#0 C:\wamp64\www\phonyxx\phonyx-yii2\vendor\yiisoft\yii2\base\Application.php(387): yii\web\Application->handleRequest(Object(yii\web\Request))
#1 C:\wamp64\www\phonyxx\phonyx-yii2\API\web\index.php(19): yii\base\Application->run()
#2 {main}
2026-01-04 16:31:23 [::1][-][-][info][application] $_GET = [
    'r' => 'v1/site/ping

'
]

$_POST = []

$_FILES = []

$_COOKIE = []

$_SERVER = [
    'HTTP_USER_AGENT' => 'PostmanRuntime/7.49.1'
    'HTTP_ACCEPT' => '*/*'
    'HTTP_CACHE_CONTROL' => 'no-cache'
    'HTTP_POSTMAN_TOKEN' => '7fd7d2f0-852c-4b52-9e1f-16f6cdc9e245'
    'HTTP_HOST' => 'localhost'
    'HTTP_ACCEPT_ENCODING' => 'gzip, deflate, br'
    'HTTP_CONNECTION' => 'keep-alive'
    'PATH' => 'C:\\Program Files\\Common Files\\Oracle\\Java\\javapath;C:\\Program Files (x86)\\Common Files\\Oracle\\Java\\java8path;C:\\Program Files (x86)\\Common Files\\Oracle\\Java\\javapath;C:\\Python312\\Scripts\\;C:\\Python312\\;C:\\Program Files (x86)\\VMware\\VMware Player\\bin\\;C:\\WINDOWS\\system32;C:\\WINDOWS;C:\\WINDOWS\\System32\\Wbem;C:\\WINDOWS\\System32\\WindowsPowerShell\\v1.0\\;C:\\WINDOWS\\System32\\OpenSSH\\;C:\\Program Files\\dotnet\\;C:\\Program Files (x86)\\NVIDIA Corporation\\PhysX\\Common;C:\\composer;C:\\Program Files\\nodejs\\;C:\\ProgramData\\chocolatey\\bin;C:\\Program Files\\Git\\cmd;C:\\Program Files\\Microsoft SQL Server\\150\\Tools\\Binn\\;C:\\wamp64\\bin\\php\\php8.3.0;C:\\Program Files\\NVIDIA Corporation\\NVIDIA app\\NvDLISR;C:\\Program Files\\Microsoft SQL Server\\Client SDK\\ODBC\\170\\Tools\\Binn\\;C:\\Program Files (x86)\\Windows Kits\\10\\Windows Performance Toolkit\\;C:\\Program Files\\Tailscale\\;C:\\Program Files\\cursor\\resources\\app\\bin;C:\\WINDOWS\\system32\\config\\systemprofile\\AppData\\Local\\Microsoft\\WindowsApps'
    'SystemRoot' => 'C:\\WINDOWS'
    'COMSPEC' => 'C:\\WINDOWS\\system32\\cmd.exe'
    'PATHEXT' => '.COM;.EXE;.BAT;.CMD;.VBS;.VBE;.JS;.JSE;.WSF;.WSH;.MSC;.PY;.PYW'
    'WINDIR' => 'C:\\WINDOWS'
    'SERVER_SIGNATURE' => '<address>Apache/2.4.58 (Win64) PHP/8.2.13 mod_fcgid/2.3.10-dev Server at localhost Port 80</address>
'
    'SERVER_SOFTWARE' => 'Apache/2.4.58 (Win64) PHP/8.2.13 mod_fcgid/2.3.10-dev'
    'SERVER_NAME' => 'localhost'
    'SERVER_ADDR' => '::1'
    'SERVER_PORT' => '80'
    'REMOTE_ADDR' => '::1'
    'DOCUMENT_ROOT' => 'C:/wamp64/www'
    'REQUEST_SCHEME' => 'http'
    'CONTEXT_PREFIX' => ''
    'CONTEXT_DOCUMENT_ROOT' => 'C:/wamp64/www'
    'SERVER_ADMIN' => 'wampserver@wampserver.invalid'
    'SCRIPT_FILENAME' => 'C:/wamp64/www/phonyxx/phonyx-yii2/API/web/index.php'
    'REMOTE_PORT' => '31391'
    'GATEWAY_INTERFACE' => 'CGI/1.1'
    'SERVER_PROTOCOL' => 'HTTP/1.1'
    'REQUEST_METHOD' => 'GET'
    'QUERY_STRING' => 'r=v1/site/ping%0A%0A'
    'REQUEST_URI' => '/phonyxx/phonyx-yii2/API/web/index.php?r=v1/site/ping%0A%0A'
    'SCRIPT_NAME' => '/phonyxx/phonyx-yii2/API/web/index.php'
    'PHP_SELF' => '/phonyxx/phonyx-yii2/API/web/index.php'
    'REQUEST_TIME_FLOAT' => 1767544283.7952
    'REQUEST_TIME' => 1767544283
]
2026-01-04 16:32:03 [::1][-][-][error][yii\web\HttpException:404] yii\base\InvalidRouteException: Unable to resolve the request "". in C:\wamp64\www\phonyxx\phonyx-yii2\vendor\yiisoft\yii2\base\Module.php:564
Stack trace:
#0 C:\wamp64\www\phonyxx\phonyx-yii2\vendor\yiisoft\yii2\web\Application.php(103): yii\base\Module->runAction('', Array)
#1 C:\wamp64\www\phonyxx\phonyx-yii2\vendor\yiisoft\yii2\base\Application.php(387): yii\web\Application->handleRequest(Object(yii\web\Request))
#2 C:\wamp64\www\phonyxx\phonyx-yii2\api\web\index.php(19): yii\base\Application->run()
#3 {main}

Next yii\web\NotFoundHttpException: Page not found. in C:\wamp64\www\phonyxx\phonyx-yii2\vendor\yiisoft\yii2\web\Application.php:115
Stack trace:
#0 C:\wamp64\www\phonyxx\phonyx-yii2\vendor\yiisoft\yii2\base\Application.php(387): yii\web\Application->handleRequest(Object(yii\web\Request))
#1 C:\wamp64\www\phonyxx\phonyx-yii2\api\web\index.php(19): yii\base\Application->run()
#2 {main}
2026-01-04 16:32:03 [::1][-][-][info][application] $_GET = [
    'r' => 'v1/site/ping

'
]

$_POST = []

$_FILES = []

$_COOKIE = []

$_SERVER = [
    'HTTP_USER_AGENT' => 'PostmanRuntime/7.49.1'
    'HTTP_ACCEPT' => '*/*'
    'HTTP_CACHE_CONTROL' => 'no-cache'
    'HTTP_POSTMAN_TOKEN' => '2fb5ada2-5f5d-4f41-9598-7d6ac9a7aba7'
    'HTTP_HOST' => 'localhost'
    'HTTP_ACCEPT_ENCODING' => 'gzip, deflate, br'
    'HTTP_CONNECTION' => 'keep-alive'
    'PATH' => 'C:\\Program Files\\Common Files\\Oracle\\Java\\javapath;C:\\Program Files (x86)\\Common Files\\Oracle\\Java\\java8path;C:\\Program Files (x86)\\Common Files\\Oracle\\Java\\javapath;C:\\Python312\\Scripts\\;C:\\Python312\\;C:\\Program Files (x86)\\VMware\\VMware Player\\bin\\;C:\\WINDOWS\\system32;C:\\WINDOWS;C:\\WINDOWS\\System32\\Wbem;C:\\WINDOWS\\System32\\WindowsPowerShell\\v1.0\\;C:\\WINDOWS\\System32\\OpenSSH\\;C:\\Program Files\\dotnet\\;C:\\Program Files (x86)\\NVIDIA Corporation\\PhysX\\Common;C:\\composer;C:\\Program Files\\nodejs\\;C:\\ProgramData\\chocolatey\\bin;C:\\Program Files\\Git\\cmd;C:\\Program Files\\Microsoft SQL Server\\150\\Tools\\Binn\\;C:\\wamp64\\bin\\php\\php8.3.0;C:\\Program Files\\NVIDIA Corporation\\NVIDIA app\\NvDLISR;C:\\Program Files\\Microsoft SQL Server\\Client SDK\\ODBC\\170\\Tools\\Binn\\;C:\\Program Files (x86)\\Windows Kits\\10\\Windows Performance Toolkit\\;C:\\Program Files\\Tailscale\\;C:\\Program Files\\cursor\\resources\\app\\bin;C:\\WINDOWS\\system32\\config\\systemprofile\\AppData\\Local\\Microsoft\\WindowsApps'
    'SystemRoot' => 'C:\\WINDOWS'
    'COMSPEC' => 'C:\\WINDOWS\\system32\\cmd.exe'
    'PATHEXT' => '.COM;.EXE;.BAT;.CMD;.VBS;.VBE;.JS;.JSE;.WSF;.WSH;.MSC;.PY;.PYW'
    'WINDIR' => 'C:\\WINDOWS'
    'SERVER_SIGNATURE' => '<address>Apache/2.4.58 (Win64) PHP/8.2.13 mod_fcgid/2.3.10-dev Server at localhost Port 80</address>
'
    'SERVER_SOFTWARE' => 'Apache/2.4.58 (Win64) PHP/8.2.13 mod_fcgid/2.3.10-dev'
    'SERVER_NAME' => 'localhost'
    'SERVER_ADDR' => '::1'
    'SERVER_PORT' => '80'
    'REMOTE_ADDR' => '::1'
    'DOCUMENT_ROOT' => 'C:/wamp64/www'
    'REQUEST_SCHEME' => 'http'
    'CONTEXT_PREFIX' => ''
    'CONTEXT_DOCUMENT_ROOT' => 'C:/wamp64/www'
    'SERVER_ADMIN' => 'wampserver@wampserver.invalid'
    'SCRIPT_FILENAME' => 'C:/wamp64/www/phonyxx/phonyx-yii2/api/web/index.php'
    'REMOTE_PORT' => '58381'
    'GATEWAY_INTERFACE' => 'CGI/1.1'
    'SERVER_PROTOCOL' => 'HTTP/1.1'
    'REQUEST_METHOD' => 'GET'
    'QUERY_STRING' => 'r=v1/site/ping%0A%0A'
    'REQUEST_URI' => '/phonyxx/phonyx-yii2/API/web/index.php?r=v1/site/ping%0A%0A'
    'SCRIPT_NAME' => '/phonyxx/phonyx-yii2/API/web/index.php'
    'PHP_SELF' => '/phonyxx/phonyx-yii2/API/web/index.php'
    'REQUEST_TIME_FLOAT' => 1767544323.0869
    'REQUEST_TIME' => 1767544323
]
2026-01-04 16:32:41 [::1][-][-][error][yii\web\HttpException:404] yii\base\InvalidRouteException: Unable to resolve the request "". in C:\wamp64\www\phonyxx\phonyx-yii2\vendor\yiisoft\yii2\base\Module.php:564
Stack trace:
#0 C:\wamp64\www\phonyxx\phonyx-yii2\vendor\yiisoft\yii2\web\Application.php(103): yii\base\Module->runAction('', Array)
#1 C:\wamp64\www\phonyxx\phonyx-yii2\vendor\yiisoft\yii2\base\Application.php(387): yii\web\Application->handleRequest(Object(yii\web\Request))
#2 C:\wamp64\www\phonyxx\phonyx-yii2\api\web\index.php(19): yii\base\Application->run()
#3 {main}

Next yii\web\NotFoundHttpException: Page not found. in C:\wamp64\www\phonyxx\phonyx-yii2\vendor\yiisoft\yii2\web\Application.php:115
Stack trace:
#0 C:\wamp64\www\phonyxx\phonyx-yii2\vendor\yiisoft\yii2\base\Application.php(387): yii\web\Application->handleRequest(Object(yii\web\Request))
#1 C:\wamp64\www\phonyxx\phonyx-yii2\api\web\index.php(19): yii\base\Application->run()
#2 {main}
2026-01-04 16:32:41 [::1][-][-][info][application] $_GET = [
    'r' => 'v1/site/ping
'
]

$_POST = []

$_FILES = []

$_COOKIE = []

$_SERVER = [
    'HTTP_USER_AGENT' => 'PostmanRuntime/7.49.1'
    'HTTP_ACCEPT' => '*/*'
    'HTTP_CACHE_CONTROL' => 'no-cache'
    'HTTP_POSTMAN_TOKEN' => '4f04bb44-b1e3-47c5-8eb3-df3a5aea62e6'
    'HTTP_HOST' => 'localhost'
    'HTTP_ACCEPT_ENCODING' => 'gzip, deflate, br'
    'HTTP_CONNECTION' => 'keep-alive'
    'PATH' => 'C:\\Program Files\\Common Files\\Oracle\\Java\\javapath;C:\\Program Files (x86)\\Common Files\\Oracle\\Java\\java8path;C:\\Program Files (x86)\\Common Files\\Oracle\\Java\\javapath;C:\\Python312\\Scripts\\;C:\\Python312\\;C:\\Program Files (x86)\\VMware\\VMware Player\\bin\\;C:\\WINDOWS\\system32;C:\\WINDOWS;C:\\WINDOWS\\System32\\Wbem;C:\\WINDOWS\\System32\\WindowsPowerShell\\v1.0\\;C:\\WINDOWS\\System32\\OpenSSH\\;C:\\Program Files\\dotnet\\;C:\\Program Files (x86)\\NVIDIA Corporation\\PhysX\\Common;C:\\composer;C:\\Program Files\\nodejs\\;C:\\ProgramData\\chocolatey\\bin;C:\\Program Files\\Git\\cmd;C:\\Program Files\\Microsoft SQL Server\\150\\Tools\\Binn\\;C:\\wamp64\\bin\\php\\php8.3.0;C:\\Program Files\\NVIDIA Corporation\\NVIDIA app\\NvDLISR;C:\\Program Files\\Microsoft SQL Server\\Client SDK\\ODBC\\170\\Tools\\Binn\\;C:\\Program Files (x86)\\Windows Kits\\10\\Windows Performance Toolkit\\;C:\\Program Files\\Tailscale\\;C:\\Program Files\\cursor\\resources\\app\\bin;C:\\WINDOWS\\system32\\config\\systemprofile\\AppData\\Local\\Microsoft\\WindowsApps'
    'SystemRoot' => 'C:\\WINDOWS'
    'COMSPEC' => 'C:\\WINDOWS\\system32\\cmd.exe'
    'PATHEXT' => '.COM;.EXE;.BAT;.CMD;.VBS;.VBE;.JS;.JSE;.WSF;.WSH;.MSC;.PY;.PYW'
    'WINDIR' => 'C:\\WINDOWS'
    'SERVER_SIGNATURE' => '<address>Apache/2.4.58 (Win64) PHP/8.2.13 mod_fcgid/2.3.10-dev Server at localhost Port 80</address>
'
    'SERVER_SOFTWARE' => 'Apache/2.4.58 (Win64) PHP/8.2.13 mod_fcgid/2.3.10-dev'
    'SERVER_NAME' => 'localhost'
    'SERVER_ADDR' => '::1'
    'SERVER_PORT' => '80'
    'REMOTE_ADDR' => '::1'
    'DOCUMENT_ROOT' => 'C:/wamp64/www'
    'REQUEST_SCHEME' => 'http'
    'CONTEXT_PREFIX' => ''
    'CONTEXT_DOCUMENT_ROOT' => 'C:/wamp64/www'
    'SERVER_ADMIN' => 'wampserver@wampserver.invalid'
    'SCRIPT_FILENAME' => 'C:/wamp64/www/phonyxx/phonyx-yii2/api/web/index.php'
    'REMOTE_PORT' => '38544'
    'GATEWAY_INTERFACE' => 'CGI/1.1'
    'SERVER_PROTOCOL' => 'HTTP/1.1'
    'REQUEST_METHOD' => 'GET'
    'QUERY_STRING' => 'r=v1/site/ping%0A'
    'REQUEST_URI' => '/phonyxx/phonyx-yii2/API/web/index.php?r=v1/site/ping%0A'
    'SCRIPT_NAME' => '/phonyxx/phonyx-yii2/API/web/index.php'
    'PHP_SELF' => '/phonyxx/phonyx-yii2/API/web/index.php'
    'REQUEST_TIME_FLOAT' => 1767544361.4131
    'REQUEST_TIME' => 1767544361
]
2026-01-04 16:38:37 [::1][-][-][error][yii\web\HttpException:400] yii\web\BadRequestHttpException: Unable to verify your data submission. in C:\wamp64\www\phonyxx\phonyx-yii2\vendor\yiisoft\yii2\web\Controller.php:320
Stack trace:
#0 C:\wamp64\www\phonyxx\phonyx-yii2\vendor\yiisoft\yii2\base\Controller.php(182): yii\web\Controller->beforeAction(Object(yii\base\InlineAction))
#1 C:\wamp64\www\phonyxx\phonyx-yii2\vendor\yiisoft\yii2\base\Module.php(555): yii\base\Controller->runAction('ping', Array)
#2 C:\wamp64\www\phonyxx\phonyx-yii2\vendor\yiisoft\yii2\web\Application.php(103): yii\base\Module->runAction('', Array)
#3 C:\wamp64\www\phonyxx\phonyx-yii2\vendor\yiisoft\yii2\base\Application.php(387): yii\web\Application->handleRequest(Object(yii\web\Request))
#4 C:\wamp64\www\phonyxx\phonyx-yii2\api\web\index.php(19): yii\base\Application->run()
#5 {main}
2026-01-04 16:38:36 [::1][-][-][info][application] $_GET = [
    'r' => 'v1/auth/login
'
]

$_POST = []

$_FILES = []

$_COOKIE = []

$_SERVER = [
    'CONTENT_TYPE' => 'application/json'
    'HTTP_USER_AGENT' => 'PostmanRuntime/7.49.1'
    'HTTP_ACCEPT' => '*/*'
    'HTTP_CACHE_CONTROL' => 'no-cache'
    'HTTP_POSTMAN_TOKEN' => 'bb6ccace-d050-4e0b-be39-00e88db8299d'
    'HTTP_HOST' => 'localhost'
    'HTTP_ACCEPT_ENCODING' => 'gzip, deflate, br'
    'HTTP_CONNECTION' => 'keep-alive'
    'CONTENT_LENGTH' => '67'
    'PATH' => 'C:\\Program Files\\Common Files\\Oracle\\Java\\javapath;C:\\Program Files (x86)\\Common Files\\Oracle\\Java\\java8path;C:\\Program Files (x86)\\Common Files\\Oracle\\Java\\javapath;C:\\Python312\\Scripts\\;C:\\Python312\\;C:\\Program Files (x86)\\VMware\\VMware Player\\bin\\;C:\\WINDOWS\\system32;C:\\WINDOWS;C:\\WINDOWS\\System32\\Wbem;C:\\WINDOWS\\System32\\WindowsPowerShell\\v1.0\\;C:\\WINDOWS\\System32\\OpenSSH\\;C:\\Program Files\\dotnet\\;C:\\Program Files (x86)\\NVIDIA Corporation\\PhysX\\Common;C:\\composer;C:\\Program Files\\nodejs\\;C:\\ProgramData\\chocolatey\\bin;C:\\Program Files\\Git\\cmd;C:\\Program Files\\Microsoft SQL Server\\150\\Tools\\Binn\\;C:\\wamp64\\bin\\php\\php8.3.0;C:\\Program Files\\NVIDIA Corporation\\NVIDIA app\\NvDLISR;C:\\Program Files\\Microsoft SQL Server\\Client SDK\\ODBC\\170\\Tools\\Binn\\;C:\\Program Files (x86)\\Windows Kits\\10\\Windows Performance Toolkit\\;C:\\Program Files\\Tailscale\\;C:\\Program Files\\cursor\\resources\\app\\bin;C:\\WINDOWS\\system32\\config\\systemprofile\\AppData\\Local\\Microsoft\\WindowsApps'
    'SystemRoot' => 'C:\\WINDOWS'
    'COMSPEC' => 'C:\\WINDOWS\\system32\\cmd.exe'
    'PATHEXT' => '.COM;.EXE;.BAT;.CMD;.VBS;.VBE;.JS;.JSE;.WSF;.WSH;.MSC;.PY;.PYW'
    'WINDIR' => 'C:\\WINDOWS'
    'SERVER_SIGNATURE' => '<address>Apache/2.4.58 (Win64) PHP/8.2.13 mod_fcgid/2.3.10-dev Server at localhost Port 80</address>
'
    'SERVER_SOFTWARE' => 'Apache/2.4.58 (Win64) PHP/8.2.13 mod_fcgid/2.3.10-dev'
    'SERVER_NAME' => 'localhost'
    'SERVER_ADDR' => '::1'
    'SERVER_PORT' => '80'
    'REMOTE_ADDR' => '::1'
    'DOCUMENT_ROOT' => 'C:/wamp64/www'
    'REQUEST_SCHEME' => 'http'
    'CONTEXT_PREFIX' => ''
    'CONTEXT_DOCUMENT_ROOT' => 'C:/wamp64/www'
    'SERVER_ADMIN' => 'wampserver@wampserver.invalid'
    'SCRIPT_FILENAME' => 'C:/wamp64/www/phonyxx/phonyx-yii2/api/web/index.php'
    'REMOTE_PORT' => '13084'
    'GATEWAY_INTERFACE' => 'CGI/1.1'
    'SERVER_PROTOCOL' => 'HTTP/1.1'
    'REQUEST_METHOD' => 'POST'
    'QUERY_STRING' => 'r=v1/auth/login%0A'
    'REQUEST_URI' => '/phonyxx/phonyx-yii2/API/web/index.php?r=v1/auth/login%0A'
    'SCRIPT_NAME' => '/phonyxx/phonyx-yii2/API/web/index.php'
    'PHP_SELF' => '/phonyxx/phonyx-yii2/API/web/index.php'
    'REQUEST_TIME_FLOAT' => 1767544716.949
    'REQUEST_TIME' => 1767544716
]
